Arguments: 
  C:\Program Files\nodejs\node.exe C:\Users\bdirh\AppData\Roaming\npm\node_modules\yarn\bin\yarn.js add -D lazy-reauire

PATH: 
  C:\Program Files\Microsoft MPI\Bin\;C:\Program Files\Common Files\Oracle\Java\javapath;C:\Program Files (x86)\Common Files\Oracle\Java\javapath;C:\Program Files\Zulu\zulu-11\bin\;C:\Python310\Scripts\;C:\Python310\;C:\WINDOWS\system32;C:\WINDOWS;C:\WINDOWS\System32\Wbem;C:\WINDOWS\System32\WindowsPowerShell\v1.0\;C:\WINDOWS\System32\OpenSSH\;C:\Program Files\nodejs\;C:\ProgramData\chocolatey\bin;C:\Program Files\PuTTY\;C:\Program Files\Amazon\AWSCLIV2\;C:\Program Files\Docker\Docker\resources\bin;C:\ProgramData\DockerDesktop\version-bin;C:\Program Files (x86)\Microsoft SQL Server\150\Shared\150\Tools\Binn\;C:\Program Files\Microsoft SQL Server\150\Shared\150\Tools\Binn\;C:\Program Files (x86)\Microsoft SQL Server\150\Shared\150\DTS\Binn\;C:\Program Files\Microsoft SQL Server\150\Shared\150\DTS\Binn\;C:\Program Files\Microsoft SQL Server\150\Shared\Client SDK\ODBC\170\Tools\Binn\;C:\Program Files (x86)\Gpg4win\..\GnuPG\bin;C:\Program Files\Git\cmd;C:\Program Files\MongoDB\Server\5.0;B:\flutter\bin;C:\Program Files (x86)\sfdx\bin;C:\Users\bdirh\AppData\Local\Microsoft\WindowsApps;C:\Users\bdirh\AppData\Roaming\npm;C:\Program Files\sfdx\bin;C:\Users\bdirh\AppData\Local\Programs\Microsoft VS Code\bin;M:\heroku\bin;C:\Program Files\CMake\bin;C:\Users\bdirh\AppData\Local\Programs\mongosh\;A:\Microsoft VS Code Insiders\bin;A:\sfdx\bin;C:\Program Files (x86)\sfdx\bin

Yarn version: 
  1.22.17

Node version: 
  16.13.0

Platform: 
  win32 x64

Trace: 
  Error: https://registry.yarnpkg.com/lazy-reauire: Not found
      at Request.params.callback [as _callback] (C:\Users\bdirh\AppData\Roaming\npm\node_modules\yarn\lib\cli.js:67029:18)
      at Request.self.callback (C:\Users\bdirh\AppData\Roaming\npm\node_modules\yarn\lib\cli.js:140883:22)
      at Request.emit (node:events:390:28)
      at Request.<anonymous> (C:\Users\bdirh\AppData\Roaming\npm\node_modules\yarn\lib\cli.js:141855:10)
      at Request.emit (node:events:390:28)
      at IncomingMessage.<anonymous> (C:\Users\bdirh\AppData\Roaming\npm\node_modules\yarn\lib\cli.js:141777:12)
      at Object.onceWrapper (node:events:509:28)
      at IncomingMessage.emit (node:events:402:35)
      at endReadableNT (node:internal/streams/readable:1343:12)
      at processTicksAndRejections (node:internal/process/task_queues:83:21)

npm manifest: 
  {
    "name": "sfdxtx",
    "version": "1.0.0",
    "description": "Salesforce dx with typescript support to build lwcs",
    "main": "index.js",
    "scripts": {
      "test": "echo \"Error: no test specified\" && exit 1"
    },
    "repository": {
      "type": "git",
      "url": "git+https://github.com/dirheimerb/sfdxtx.git"
    },
    "author": "Bradley Dirheimer",
    "license": "ISC",
    "bugs": {
      "url": "https://github.com/dirheimerb/sfdxtx/issues"
    },
    "homepage": "https://github.com/dirheimerb/sfdxtx#readme",
    "devDependencies": {
      "@salesforce/prettier-config": "^0.0.2",
      "eslint-config-salesforce-typescript": "^0.2.8",
      "ts-sinon": "^2.0.2",
      "ts-types": "^0.0.9"
    }
  }

yarn manifest: 
  No manifest

Lockfile: 
  # THIS IS AN AUTOGENERATED FILE. DO NOT EDIT THIS FILE DIRECTLY.
  # yarn lockfile v1
  
  
  "@salesforce/prettier-config@^0.0.2":
    version "0.0.2"
    resolved "https://registry.yarnpkg.com/@salesforce/prettier-config/-/prettier-config-0.0.2.tgz#ded39bf7cb75238edc9db6dd093649111350f8bc"
    integrity sha512-KExM355BLbxCW6siGBV7oUOotXvvVp0tAWERgzUkM2FcMb9fWrjwXDrIHc8V0UdDlA3UXtFltDWgN+Yqi+BA/g==
  
  "@sinonjs/commons@^1.6.0", "@sinonjs/commons@^1.7.0", "@sinonjs/commons@^1.8.1":
    version "1.8.3"
    resolved "https://registry.yarnpkg.com/@sinonjs/commons/-/commons-1.8.3.tgz#3802ddd21a50a949b6721ddd72da36e67e7f1b2d"
    integrity sha512-xkNcLAn/wZaX14RPlwizcKicDk9G3F8m2nU3L7Ukm5zBgTwiT0wsoFAHx9Jq56fJA1z/7uKGtCRu16sOUCLIHQ==
    dependencies:
      type-detect "4.0.8"
  
  "@sinonjs/fake-timers@^6.0.0", "@sinonjs/fake-timers@^6.0.1":
    version "6.0.1"
    resolved "https://registry.yarnpkg.com/@sinonjs/fake-timers/-/fake-timers-6.0.1.tgz#293674fccb3262ac782c7aadfdeca86b10c75c40"
    integrity sha512-MZPUxrmFubI36XS1DI3qmI0YdN1gks62JtFZvxR67ljjSNCeK6U08Zx4msEWOXuofgqUt6zPHSi1H9fbjR/NRA==
    dependencies:
      "@sinonjs/commons" "^1.7.0"
  
  "@sinonjs/fake-timers@^7.1.0":
    version "7.1.2"
    resolved "https://registry.yarnpkg.com/@sinonjs/fake-timers/-/fake-timers-7.1.2.tgz#2524eae70c4910edccf99b2f4e6efc5894aff7b5"
    integrity sha512-iQADsW4LBMISqZ6Ci1dupJL9pprqwcVFTcOsEmQOEhW+KLCVn/Y4Jrvg2k19fIHCp+iFprriYPTdRcQR8NbUPg==
    dependencies:
      "@sinonjs/commons" "^1.7.0"
  
  "@sinonjs/samsam@^5.3.1":
    version "5.3.1"
    resolved "https://registry.yarnpkg.com/@sinonjs/samsam/-/samsam-5.3.1.tgz#375a45fe6ed4e92fca2fb920e007c48232a6507f"
    integrity sha512-1Hc0b1TtyfBu8ixF/tpfSHTVWKwCBLY4QJbkgnE7HcwyvT2xArDxb4K7dMgqRm3szI+LJbzmW/s4xxEhv6hwDg==
    dependencies:
      "@sinonjs/commons" "^1.6.0"
      lodash.get "^4.4.2"
      type-detect "^4.0.8"
  
  "@sinonjs/text-encoding@^0.7.1":
    version "0.7.1"
    resolved "https://registry.yarnpkg.com/@sinonjs/text-encoding/-/text-encoding-0.7.1.tgz#8da5c6530915653f3a1f38fd5f101d8c3f8079c5"
    integrity sha512-+iTbntw2IZPb/anVDbypzfQa+ay64MW0Zo8aJ8gZPWMMK6/OubMVb6lUPMagqjOPnmtauXnFCACVl3O7ogjeqQ==
  
  "@types/chai@*":
    version "4.3.0"
    resolved "https://registry.yarnpkg.com/@types/chai/-/chai-4.3.0.tgz#23509ebc1fa32f1b4d50d6a66c4032d5b8eaabdc"
    integrity sha512-/ceqdqeRraGolFTcfoXNiqjyQhZzbINDngeoAq9GoHa8PPK1yNzTaxWjA6BFWp5Ua9JpXEMSS4s5i9tS0hOJtw==
  
  "@types/node@^14.6.1":
    version "14.18.10"
    resolved "https://registry.yarnpkg.com/@types/node/-/node-14.18.10.tgz#774f43868964f3cfe4ced1f5417fe15818a4eaea"
    integrity sha512-6iihJ/Pp5fsFJ/aEDGyvT4pHGmCpq7ToQ/yf4bl5SbVAvwpspYJ+v3jO7n8UyjhQVHTy+KNszOozDdv+O6sovQ==
  
  "@types/sinon-chai@^3.2.4":
    version "3.2.8"
    resolved "https://registry.yarnpkg.com/@types/sinon-chai/-/sinon-chai-3.2.8.tgz#5871d09ab50d671d8e6dd72e9073f8e738ac61dc"
    integrity sha512-d4ImIQbT/rKMG8+AXpmcan5T2/PNeSjrYhvkwet6z0p8kzYtfgA32xzOBlbU0yqJfq+/0Ml805iFoODO0LP5/g==
    dependencies:
      "@types/chai" "*"
      "@types/sinon" "*"
  
  "@types/sinon@*":
    version "10.0.10"
    resolved "https://registry.yarnpkg.com/@types/sinon/-/sinon-10.0.10.tgz#f8acd72fbc2e87c4679f3e2c1ab3530dff1ab6e2"
    integrity sha512-US5E539UfeL2DiWALzCyk0c4zKh6sCv86V/0lpda/afMJJ0oEm2SrKgedH5optvFWstnJ8e1MNYhLmPhAy4rvQ==
    dependencies:
      "@sinonjs/fake-timers" "^7.1.0"
  
  "@types/sinon@^9.0.5":
    version "9.0.11"
    resolved "https://registry.yarnpkg.com/@types/sinon/-/sinon-9.0.11.tgz#7af202dda5253a847b511c929d8b6dda170562eb"
    integrity sha512-PwP4UY33SeeVKodNE37ZlOsR9cReypbMJOhZ7BVE0lB+Hix3efCOxiJWiE5Ia+yL9Cn2Ch72EjFTRze8RZsNtg==
    dependencies:
      "@types/sinonjs__fake-timers" "*"
  
  "@types/sinonjs__fake-timers@*":
    version "8.1.1"
    resolved "https://registry.yarnpkg.com/@types/sinonjs__fake-timers/-/sinonjs__fake-timers-8.1.1.tgz#b49c2c70150141a15e0fa7e79cf1f92a72934ce3"
    integrity sha512-0kSuKjAS0TrGLJ0M/+8MaFkGsQhZpB6pxOmvS3K8FYI72K//YmdfoW9X2qPsAKh1mkwxGD5zib9s1FIFed6E8g==
  
  balanced-match@^1.0.0:
    version "1.0.2"
    resolved "https://registry.yarnpkg.com/balanced-match/-/balanced-match-1.0.2.tgz#e83e3a7e3f300b34cb9d87f615fa0cbf357690ee"
    integrity sha512-3oSeUO0TMV67hN1AmbXsK4yaqU7tjiHlbxRDZOpH0KW9+CeX4bRAaX0Anxt0tx2MrpRpWwQaPwIlISEJhYU5Pw==
  
  brace-expansion@^1.1.7:
    version "1.1.11"
    resolved "https://registry.yarnpkg.com/brace-expansion/-/brace-expansion-1.1.11.tgz#3c7fcbf529d87226f3d2f52b966ff5271eb441dd"
    integrity sha512-iCuPHDFgrHX7H2vEI/5xpz07zSHB00TpugqhmYtVmMO6518mCuRMoOYFldEBl0g187ufozdaHgWKcYFb61qGiA==
    dependencies:
      balanced-match "^1.0.0"
      concat-map "0.0.1"
  
  concat-map@0.0.1:
    version "0.0.1"
    resolved "https://registry.yarnpkg.com/concat-map/-/concat-map-0.0.1.tgz#d8a96bd77fd68df7793a73036a3ba0d5405d477b"
    integrity sha1-2Klr13/Wjfd5OnMDajug1UBdR3s=
  
  diff@^4.0.2:
    version "4.0.2"
    resolved "https://registry.yarnpkg.com/diff/-/diff-4.0.2.tgz#60f3aecb89d5fae520c11aa19efc2bb982aade7d"
    integrity sha512-58lmxKSA4BNyLz+HHMUzlOEpg09FV+ev6ZMe3vJihgdxzgcwZ8VoEEPmALCZG9LmqfVoNMMKpttIYTVG6uDY7A==
  
  eslint-config-salesforce-typescript@^0.2.8:
    version "0.2.8"
    resolved "https://registry.yarnpkg.com/eslint-config-salesforce-typescript/-/eslint-config-salesforce-typescript-0.2.8.tgz#73cbc0e87a30118407d455feabf154fd251f7002"
    integrity sha512-CDPcYWIfEVJFbcNG6IdhKW3whp0MujjuM4uRFESQ1Eq4cO8bMbZrwbLypUWxdMgZz7Ua3luMHmIKgkmR4k9FSg==
  
  fs-extra@^0.30.0:
    version "0.30.0"
    resolved "https://registry.yarnpkg.com/fs-extra/-/fs-extra-0.30.0.tgz#f233ffcc08d4da7d432daa449776989db1df93f0"
    integrity sha1-8jP/zAjU2n1DLapEl3aYnbHfk/A=
    dependencies:
      graceful-fs "^4.1.2"
      jsonfile "^2.1.0"
      klaw "^1.0.0"
      path-is-absolute "^1.0.0"
      rimraf "^2.2.8"
  
  fs.realpath@^1.0.0:
    version "1.0.0"
    resolved "https://registry.yarnpkg.com/fs.realpath/-/fs.realpath-1.0.0.tgz#1504ad2523158caa40db4a2787cb01411994ea4f"
    integrity sha1-FQStJSMVjKpA20onh8sBQRmU6k8=
  
  glob@^7.1.3:
    version "7.2.0"
    resolved "https://registry.yarnpkg.com/glob/-/glob-7.2.0.tgz#d15535af7732e02e948f4c41628bd910293f6023"
    integrity sha512-lmLf6gtyrPq8tTjSmrO94wBeQbFR3HbLHbuyD69wuyQkImp2hWqMGB47OX65FBkPffO641IP9jWa1z4ivqG26Q==
    dependencies:
      fs.realpath "^1.0.0"
      inflight "^1.0.4"
      inherits "2"
      minimatch "^3.0.4"
      once "^1.3.0"
      path-is-absolute "^1.0.0"
  
  graceful-fs@^4.1.2, graceful-fs@^4.1.6, graceful-fs@^4.1.9:
    version "4.2.9"
    resolved "https://registry.yarnpkg.com/graceful-fs/-/graceful-fs-4.2.9.tgz#041b05df45755e587a24942279b9d113146e1c96"
    integrity sha512-NtNxqUcXgpW2iMrfqSfR73Glt39K+BLwWsPs94yR63v45T0Wbej7eRmL5cWfwEgqXnmjQp3zaJTshdRW/qC2ZQ==
  
  has-flag@^4.0.0:
    version "4.0.0"
    resolved "https://registry.yarnpkg.com/has-flag/-/has-flag-4.0.0.tgz#944771fd9c81c81265c4d6941860da06bb59479b"
    integrity sha512-EykJT/Q1KjTWctppgIAgfSO0tKVuZUjhgMr17kqTumMl6Afv3EISleU7qZUzoXDFTAHTDC4NOoG/ZxU3EvlMPQ==
  
  inflight@^1.0.4:
    version "1.0.6"
    resolved "https://registry.yarnpkg.com/inflight/-/inflight-1.0.6.tgz#49bd6331d7d02d0c09bc910a1075ba8165b56df9"
    integrity sha1-Sb1jMdfQLQwJvJEKEHW6gWW1bfk=
    dependencies:
      once "^1.3.0"
      wrappy "1"
  
  inherits@2:
    version "2.0.4"
    resolved "https://registry.yarnpkg.com/inherits/-/inherits-2.0.4.tgz#0fa2c64f932917c3433a0ded55363aae37416b7c"
    integrity sha512-k/vGaX4/Yla3WzyMCvTQOXYeIHvqOKtnqBduzTHpzpQZzAskKMhZ2K+EnBiSM9zGSoIFeMpXKxa4dYeZIQqewQ==
  
  isarray@0.0.1:
    version "0.0.1"
    resolved "https://registry.yarnpkg.com/isarray/-/isarray-0.0.1.tgz#8a18acfca9a8f4177e09abfc6038939b05d1eedf"
    integrity sha1-ihis/Kmo9Bd+Cav8YDiTmwXR7t8=
  
  jsonfile@^2.1.0:
    version "2.4.0"
    resolved "https://registry.yarnpkg.com/jsonfile/-/jsonfile-2.4.0.tgz#3736a2b428b87bbda0cc83b53fa3d633a35c2ae8"
    integrity sha1-NzaitCi4e72gzIO1P6PWM6NcKug=
    optionalDependencies:
      graceful-fs "^4.1.6"
  
  just-extend@^4.0.2:
    version "4.2.1"
    resolved "https://registry.yarnpkg.com/just-extend/-/just-extend-4.2.1.tgz#ef5e589afb61e5d66b24eca749409a8939a8c744"
    integrity sha512-g3UB796vUFIY90VIv/WX3L2c8CS2MdWUww3CNrYmqza1Fg0DURc2K/O4YrnklBdQarSJ/y8JnJYDGc+1iumQjg==
  
  klaw@^1.0.0:
    version "1.3.1"
    resolved "https://registry.yarnpkg.com/klaw/-/klaw-1.3.1.tgz#4088433b46b3b1ba259d78785d8e96f73ba02439"
    integrity sha1-QIhDO0azsbolnXh4XY6W9zugJDk=
    optionalDependencies:
      graceful-fs "^4.1.9"
  
  lodash.get@^4.4.2:
    version "4.4.2"
    resolved "https://registry.yarnpkg.com/lodash.get/-/lodash.get-4.4.2.tgz#2d177f652fa31e939b4438d5341499dfa3825e99"
    integrity sha1-LRd/ZS+jHpObRDjVNBSZ36OCXpk=
  
  minimatch@^3.0.4:
    version "3.0.5"
    resolved "https://registry.yarnpkg.com/minimatch/-/minimatch-3.0.5.tgz#4da8f1290ee0f0f8e83d60ca69f8f134068604a3"
    integrity sha512-tUpxzX0VAzJHjLu0xUfFv1gwVp9ba3IOuRAVH2EGuRW8a5emA2FlACLqiT/lDVtS1W+TGNwqz3sWaNyLgDJWuw==
    dependencies:
      brace-expansion "^1.1.7"
  
  nise@^4.0.4:
    version "4.1.0"
    resolved "https://registry.yarnpkg.com/nise/-/nise-4.1.0.tgz#8fb75a26e90b99202fa1e63f448f58efbcdedaf6"
    integrity sha512-eQMEmGN/8arp0xsvGoQ+B1qvSkR73B1nWSCh7nOt5neMCtwcQVYQGdzQMhcNscktTsWB54xnlSQFzOAPJD8nXA==
    dependencies:
      "@sinonjs/commons" "^1.7.0"
      "@sinonjs/fake-timers" "^6.0.0"
      "@sinonjs/text-encoding" "^0.7.1"
      just-extend "^4.0.2"
      path-to-regexp "^1.7.0"
  
  once@^1.3.0:
    version "1.4.0"
    resolved "https://registry.yarnpkg.com/once/-/once-1.4.0.tgz#583b1aa775961d4b113ac17d9c50baef9dd76bd1"
    integrity sha1-WDsap3WWHUsROsF9nFC6753Xa9E=
    dependencies:
      wrappy "1"
  
  path-is-absolute@^1.0.0:
    version "1.0.1"
    resolved "https://registry.yarnpkg.com/path-is-absolute/-/path-is-absolute-1.0.1.tgz#174b9268735534ffbc7ace6bf53a5a9e1b5c5f5f"
    integrity sha1-F0uSaHNVNP+8es5r9TpanhtcX18=
  
  path-to-regexp@^1.7.0:
    version "1.8.0"
    resolved "https://registry.yarnpkg.com/path-to-regexp/-/path-to-regexp-1.8.0.tgz#887b3ba9d84393e87a0a0b9f4cb756198b53548a"
    integrity sha512-n43JRhlUKUAlibEJhPeir1ncUID16QnEjNpwzNdO3Lm4ywrBpBZ5oLD0I6br9evr1Y9JTqwRtAh7JLoOzAQdVA==
    dependencies:
      isarray "0.0.1"
  
  rimraf@^2.2.8:
    version "2.7.1"
    resolved "https://registry.yarnpkg.com/rimraf/-/rimraf-2.7.1.tgz#35797f13a7fdadc566142c29d4f07ccad483e3ec"
    integrity sha512-uWjbaKIK3T1OSVptzX7Nl6PvQ3qAGtKEtVRjRuazjfL3Bx5eI409VZSqgND+4UNnmzLVdPj9FqFJNPqBZFve4w==
    dependencies:
      glob "^7.1.3"
  
  sinon@^9.0.3:
    version "9.2.4"
    resolved "https://registry.yarnpkg.com/sinon/-/sinon-9.2.4.tgz#e55af4d3b174a4443a8762fa8421c2976683752b"
    integrity sha512-zljcULZQsJxVra28qIAL6ow1Z9tpattkCTEJR4RBP3TGc00FcttsP5pK284Nas5WjMZU5Yzy3kAIp3B3KRf5Yg==
    dependencies:
      "@sinonjs/commons" "^1.8.1"
      "@sinonjs/fake-timers" "^6.0.1"
      "@sinonjs/samsam" "^5.3.1"
      diff "^4.0.2"
      nise "^4.0.4"
      supports-color "^7.1.0"
  
  supports-color@^7.1.0:
    version "7.2.0"
    resolved "https://registry.yarnpkg.com/supports-color/-/supports-color-7.2.0.tgz#1b7dcdcb32b8138801b3e478ba6a51caa89648da"
    integrity sha512-qpCAvRl9stuOHveKsn7HncJRvv501qIacKzQlO/+Lwxc9+0q2wLyv4Dfvt80/DPn2pqOBsJdDiogXGR9+OvwRw==
    dependencies:
      has-flag "^4.0.0"
  
  ts-sinon@^2.0.2:
    version "2.0.2"
    resolved "https://registry.yarnpkg.com/ts-sinon/-/ts-sinon-2.0.2.tgz#9e020ad1e76b41e71cb7344b71923dbc3c6bc7ca"
    integrity sha512-Eh6rXPQruACHPn+/e5HsIMaHZa17tGP/scGjUeW5eJ/Levn8hBV6zSP/6QkEDUP7wLkTyY0yeYikjpTzgC9Gew==
    dependencies:
      "@types/node" "^14.6.1"
      "@types/sinon" "^9.0.5"
      "@types/sinon-chai" "^3.2.4"
      sinon "^9.0.3"
  
  ts-types@^0.0.9:
    version "0.0.9"
    resolved "https://registry.yarnpkg.com/ts-types/-/ts-types-0.0.9.tgz#5c34539b96ef3b89bb4e87afde6898cc9080115b"
    integrity sha1-XDRTm5bvO4m7Toev3miYzJCAEVs=
    dependencies:
      fs-extra "^0.30.0"
  
  type-detect@4.0.8, type-detect@^4.0.8:
    version "4.0.8"
    resolved "https://registry.yarnpkg.com/type-detect/-/type-detect-4.0.8.tgz#7646fb5f18871cfbb7749e69bd39a6388eb7450c"
    integrity sha512-0fr/mIH1dlO+x7TlcMy+bIDqKPsw/70tVyeHW787goQjhmqaZe10uwLujubK9q9Lg6Fiho1KUKDYz0Z7k7g5/g==
  
  wrappy@1:
    version "1.0.2"
    resolved "https://registry.yarnpkg.com/wrappy/-/wrappy-1.0.2.tgz#b5243d8f3ec1aa35f1364605bc0d1036e30ab69f"
    integrity sha1-tSQ9jz7BqjXxNkYFvA0QNuMKtp8=
